<?xml version="1.0" encoding="UTF-8"?>
<testng-results skipped="0" failed="0" ignored="0" total="1" passed="1">
  <reporter-output>
  </reporter-output>
  <suite name="TestJenkins" duration-ms="8744" started-at="2023-05-08T02:24:36Z" finished-at="2023-05-08T02:24:45Z">
    <groups>
    </groups>
    <test name="Command line test" duration-ms="8744" started-at="2023-05-08T02:24:36Z" finished-at="2023-05-08T02:24:45Z">
      <class name="TestJenkins">
        <test-method status="PASS" signature="beforeTest()[pri:0, instance:TestJenkins@4909b8da]" name="beforeTest" is-config="true" duration-ms="7517" started-at="2023-05-08T02:24:36Z" finished-at="2023-05-08T02:24:44Z">
          <reporter-output>
          </reporter-output>
        </test-method> <!-- beforeTest -->
        <test-method status="PASS" signature="testQAEnv()[pri:0, instance:TestJenkins@4909b8da]" name="testQAEnv" duration-ms="491" started-at="2023-05-08T02:24:44Z" finished-at="2023-05-08T02:24:44Z">
          <reporter-output>
          </reporter-output>
        </test-method> <!-- testQAEnv -->
        <test-method status="PASS" signature="afterTest()[pri:0, instance:TestJenkins@4909b8da]" name="afterTest" is-config="true" duration-ms="718" started-at="2023-05-08T02:24:44Z" finished-at="2023-05-08T02:24:45Z">
          <reporter-output>
          </reporter-output>
        </test-method> <!-- afterTest -->
      </class> <!-- TestJenkins -->
    </test> <!-- Command line test -->
  </suite> <!-- TestJenkins -->
</testng-results>
